h:\oblivion\client\debug\client.pch
h:\oblivion\client\debug\vc143.pdb
h:\oblivion\client\debug\vc143.idb
h:\oblivion\client\debug\pch.obj
h:\oblivion\client\debug\servicedriverscanner.obj
h:\oblivion\client\debug\processthreadwatcher.obj
h:\oblivion\client\debug\periodicscanner.obj
h:\oblivion\client\debug\overlayscanner.obj
h:\oblivion\client\debug\networkclient.obj
h:\oblivion\client\debug\memorysignaturescanner.obj
h:\oblivion\client\debug\kernelbridge.obj
h:\oblivion\client\debug\jsonbuilder.obj
h:\oblivion\client\debug\injectionscanner.obj
h:\oblivion\client\debug\iathookscanner.obj
h:\oblivion\client\debug\hwid.obj
h:\oblivion\client\debug\hijackedthreadscanner.obj
h:\oblivion\client\debug\heartbeat.obj
h:\oblivion\client\debug\fileintegritychecker.obj
h:\oblivion\client\debug\etwheuristics.obj
h:\oblivion\client\debug\digitalsignaturevalidator.obj
h:\oblivion\client\debug\configloader.obj
h:\oblivion\client\debug\codeintegrityscanner.obj
h:\oblivion\client\debug\antisuspend.obj
h:\oblivion\client\debug\dllmain.obj
h:\oblivion\client\debug\speedhackdetector.obj
h:\oblivion\client\debug\cewindowscanner.obj
h:\oblivion\client\debug\ceregistryscanner.obj
h:\oblivion\client\debug\cebehaviormonitor.obj
h:\oblivion\client\debug\signaturepackmanager.obj
h:\oblivion\debug\client.dll
h:\oblivion\debug\client.pdb
h:\oblivion\debug\client.lib
h:\oblivion\debug\client.exp
h:\oblivion\client\debug\client.ilk
h:\oblivion\client\debug\client.tlog\cl.command.1.tlog
h:\oblivion\client\debug\client.tlog\cl.items.tlog
h:\oblivion\client\debug\client.tlog\cl.read.1.tlog
h:\oblivion\client\debug\client.tlog\cl.write.1.tlog
h:\oblivion\client\debug\client.tlog\link.command.1.tlog
h:\oblivion\client\debug\client.tlog\link.read.1.tlog
h:\oblivion\client\debug\client.tlog\link.secondary.1.tlog
h:\oblivion\client\debug\client.tlog\link.write.1.tlog
