  pch.cpp
  dllmain.cpp
  AntiSuspend.cpp
  CodeIntegrityScanner.cpp
  ConfigLoader.cpp
  DigitalSignatureValidator.cpp
  EtwHeuristics.cpp
  FileIntegrityChecker.cpp
  Heartbeat.cpp
  HijackedThreadScanner.cpp
  HWID.cpp
  IATHookScanner.cpp
  InjectionScanner.cpp
  JsonBuilder.cpp
  KernelBridge.cpp
  MemorySignatureScanner.cpp
  NetworkClient.cpp
  OverlayScanner.cpp
  PeriodicScanner.cpp
  ProcessThreadWatcher.cpp
  ServiceDriverScanner.cpp
  Generating Code...
  Compiling...
  SignaturePackManager.cpp
  Generating Code...
     Creating library H:\Oblivion\Debug\client.lib and object H:\Oblivion\Debug\client.exp
  client.vcxproj -> H:\Oblivion\Debug\client.dll
